<?xml version="1.0" encoding="UTF-8"?>
<testng-results skipped="0" failed="0" total="4" passed="4">
  <reporter-output>
    <line>
      <![CDATA[Browser Opened]]>
    </line>
    <line>
      <![CDATA[site Opened]]>
    </line>
  </reporter-output>
  <suite name="Suite" duration-ms="52819" started-at="2019-01-11T05:12:08Z" finished-at="2019-01-11T05:13:01Z">
    <groups>
      <group name="STEPDemo">
        <method signature="Promap.loginTest()[pri:1, instance:com.promap.Promap@6500df86]" name="loginTest" class="com.promap.Promap"/>
        <method signature="Promap.selectGoView()[pri:3, instance:com.promap.Promap@6500df86]" name="selectGoView" class="com.promap.Promap"/>
        <method signature="Promap.selectPrintTask()[pri:2, instance:com.promap.Promap@6500df86]" name="selectPrintTask" class="com.promap.Promap"/>
        <method signature="Promap.tearDown()[pri:5, instance:com.promap.Promap@6500df86]" name="tearDown" class="com.promap.Promap"/>
      </group> <!-- STEPDemo -->
    </groups>
    <test name="Test" duration-ms="52819" started-at="2019-01-11T05:12:08Z" finished-at="2019-01-11T05:13:01Z">
      <class name="com.promap.Promap">
        <test-method status="PASS" signature="setUp()[pri:0, instance:com.promap.Promap@6500df86]" name="setUp" is-config="true" duration-ms="13709" started-at="2019-01-11T10:42:08Z" finished-at="2019-01-11T10:42:22Z">
          <reporter-output>
            <line>
              <![CDATA[Browser Opened]]>
            </line>
            <line>
              <![CDATA[site Opened]]>
            </line>
          </reporter-output>
        </test-method> <!-- setUp -->
        <test-method status="PASS" signature="loginTest()[pri:1, instance:com.promap.Promap@6500df86]" name="loginTest" duration-ms="5476" started-at="2019-01-11T10:42:22Z" description="Test cases for testing login" finished-at="2019-01-11T10:42:27Z">
          <reporter-output>
          </reporter-output>
        </test-method> <!-- loginTest -->
        <test-method status="PASS" signature="selectPrintTask()[pri:2, instance:com.promap.Promap@6500df86]" name="selectPrintTask" duration-ms="15371" started-at="2019-01-11T10:42:27Z" description="Test cases for testing print" finished-at="2019-01-11T10:42:43Z">
          <reporter-output>
          </reporter-output>
        </test-method> <!-- selectPrintTask -->
        <test-method status="PASS" signature="selectGoView()[pri:3, instance:com.promap.Promap@6500df86]" name="selectGoView" duration-ms="10383" started-at="2019-01-11T10:42:43Z" description="Test cases for testing print" finished-at="2019-01-11T10:42:53Z">
          <reporter-output>
          </reporter-output>
        </test-method> <!-- selectGoView -->
        <test-method status="PASS" signature="tearDown()[pri:5, instance:com.promap.Promap@6500df86]" name="tearDown" duration-ms="7853" started-at="2019-01-11T10:42:53Z" description="Test cases for tearDown" finished-at="2019-01-11T10:43:01Z">
          <reporter-output>
          </reporter-output>
        </test-method> <!-- tearDown -->
      </class> <!-- com.promap.Promap -->
    </test> <!-- Test -->
  </suite> <!-- Suite -->
</testng-results>
